INFO:     Started server process [32087]
INFO:     Waiting for application startup.
INFO:     Application startup complete.
INFO:     Uvicorn running on http://0.0.0.0:8001 (Press CTRL+C to quit)
INFO:     Shutting down
INFO:     Waiting for application shutdown.
INFO:     Application shutdown complete.
INFO:     Finished server process [32087]
INFO:     Started server process [33181]
INFO:     Waiting for application startup.
INFO:     Application startup complete.
INFO:     Uvicorn running on http://0.0.0.0:8001 (Press CTRL+C to quit)
INFO:     Shutting down
INFO:     Waiting for application shutdown.
INFO:     Application shutdown complete.
INFO:     Finished server process [33181]
INFO:     Started server process [38624]
INFO:     Waiting for application startup.
INFO:     Application startup complete.
INFO:     Uvicorn running on http://0.0.0.0:8001 (Press CTRL+C to quit)
INFO:     Shutting down
INFO:     Waiting for application shutdown.
INFO:     Application shutdown complete.
INFO:     Finished server process [38624]
INFO:     Started server process [43134]
INFO:     Waiting for application startup.
INFO:     Application startup complete.
INFO:     Uvicorn running on http://0.0.0.0:8001 (Press CTRL+C to quit)
INFO:     Shutting down
INFO:     Waiting for application shutdown.
INFO:     Application shutdown complete.
INFO:     Finished server process [43134]
INFO:     Started server process [49088]
INFO:     Waiting for application startup.
INFO:     Application startup complete.
INFO:     Uvicorn running on http://0.0.0.0:8001 (Press CTRL+C to quit)
ERROR:    Error loading ASGI app. Could not import module "main".
ERROR:    Error loading ASGI app. Could not import module "main".
ERROR:    Error loading ASGI app. Could not import module "main".
ERROR:    Error loading ASGI app. Could not import module "main".
ERROR:    Error loading ASGI app. Could not import module "main".
ERROR:    Error loading ASGI app. Could not import module "main".
ERROR:    Error loading ASGI app. Could not import module "main".
ERROR:    Error loading ASGI app. Could not import module "main".
ERROR:    Error loading ASGI app. Could not import module "main".
ERROR:    Error loading ASGI app. Could not import module "main".
ERROR:    Error loading ASGI app. Could not import module "main".
ERROR:    Error loading ASGI app. Could not import module "main".
ERROR:    Error loading ASGI app. Could not import module "main".
ERROR:    Error loading ASGI app. Could not import module "main".
ERROR:    Error loading ASGI app. Could not import module "main".
ERROR:    Error loading ASGI app. Could not import module "main".
ERROR:    Error loading ASGI app. Could not import module "main".
ERROR:    Error loading ASGI app. Could not import module "main".
ERROR:    Error loading ASGI app. Could not import module "main".
ERROR:    Error loading ASGI app. Could not import module "main".
ERROR:    Error loading ASGI app. Could not import module "main".
ERROR:    Error loading ASGI app. Could not import module "main".
ERROR:    Error loading ASGI app. Could not import module "main".
ERROR:    Error loading ASGI app. Could not import module "main".
