Starttid: ons 26 nov 10:25:40 CET 2025
Logfil: /home/victor/tempprojekt/logs/start_2025-11-26_10-25-40.log
---------------------------------------
[32m[OK] venv aktiveret[0m
[32m[OK] Mosquitto kører[0m
[==========] Running 5 tests from 4 test suites.
[----------] Global test environment set-up.
[----------] 2 tests from MQTTTest
[ RUN      ] MQTTTest.ConnectToBroker
[       OK ] MQTTTest.ConnectToBroker (0 ms)
[ RUN      ] MQTTTest.PublishMessage
[       OK ] MQTTTest.PublishMessage (0 ms)
[----------] 2 tests from MQTTTest (0 ms total)

[----------] 1 test from MQTTLoopbackTest
[ RUN      ] MQTTLoopbackTest.PublishAndReceive
[       OK ] MQTTLoopbackTest.PublishAndReceive (2235 ms)
[----------] 1 test from MQTTLoopbackTest (2235 ms total)

[----------] 1 test from DatabaseTest
[ RUN      ] DatabaseTest.InsertAndRetrieveRecord
[       OK ] DatabaseTest.InsertAndRetrieveRecord (25 ms)
[----------] 1 test from DatabaseTest (25 ms total)

[----------] 1 test from SensorTest
[ RUN      ] SensorTest.ReadsValidRange
[       OK ] SensorTest.ReadsValidRange (0 ms)
[----------] 1 test from SensorTest (0 ms total)

[----------] Global test environment tear-down
[==========] 5 tests from 4 test suites ran. (2261 ms total)
[  PASSED  ] 5 tests.
time="2025-11-26T10:25:47+01:00" level=warning msg="/home/victor/tempprojekt/docker-compose.yml: the attribute `version` is obsolete, it will be ignored, please remove it to avoid potential confusion"
 Network tempprojekt_default  Creating
 Network tempprojekt_default  Created
time="2025-11-26T10:25:48+01:00" level=warning msg="Found orphan containers ([mqtt]) for this project. If you removed or renamed this service in your compose file, you can run this command with the --remove-orphans flag to clean it up."
 Container questdb  Creating
 Container questdb  Created
 Container fastapi-api  Creating
 Container fastapi-api  Created
 Container questdb  Starting
 Container questdb  Started
 Container questdb  Waiting
 Container questdb  Healthy
 Container fastapi-api  Starting
 Container fastapi-api  Started
[32m[OK] Docker kører[0m
