Starttid: man 24 nov 07:37:58 CET 2025
Logfil: /home/victor/tempprojekt/logs/start_2025-11-24_07-37-58.log
---------------------------------------
[32m[OK] Virtuelt miljø aktiveret[0m
[32m[OK] Mosquitto kører[0m
[==========] Running 5 tests from 4 test suites.
[----------] Global test environment set-up.
[----------] 2 tests from MQTTTest
[ RUN      ] MQTTTest.ConnectToBroker
[       OK ] MQTTTest.ConnectToBroker (0 ms)
[ RUN      ] MQTTTest.PublishMessage
[       OK ] MQTTTest.PublishMessage (0 ms)
[----------] 2 tests from MQTTTest (0 ms total)

[----------] 1 test from MQTTLoopbackTest
[ RUN      ] MQTTLoopbackTest.PublishAndReceive
[       OK ] MQTTLoopbackTest.PublishAndReceive (2329 ms)
[----------] 1 test from MQTTLoopbackTest (2330 ms total)

[----------] 1 test from DatabaseTest
[ RUN      ] DatabaseTest.InsertAndRetrieveRecord
[       OK ] DatabaseTest.InsertAndRetrieveRecord (7 ms)
[----------] 1 test from DatabaseTest (7 ms total)

[----------] 1 test from SensorTest
[ RUN      ] SensorTest.ReadsValidRange
[       OK ] SensorTest.ReadsValidRange (0 ms)
[----------] 1 test from SensorTest (0 ms total)

[----------] Global test environment tear-down
[==========] 5 tests from 4 test suites ran. (2337 ms total)
[  PASSED  ] 5 tests.
[32m[OK] Tests bestået[0m
time="2025-11-24T07:38:02+01:00" level=warning msg="/home/victor/tempprojekt/docker-compose.yml: the attribute `version` is obsolete, it will be ignored, please remove it to avoid potential confusion"
time="2025-11-24T07:38:02+01:00" level=warning msg="Found orphan containers ([mqtt]) for this project. If you removed or renamed this service in your compose file, you can run this command with the --remove-orphans flag to clean it up."
 Container questdb  Running
 Container fastapi-api  Running
 Container questdb  Waiting
 Container questdb  Healthy
[32m[OK] Docker kører[0m
[32m[OK] Health-monitor kører (PID 16012)[0m
[32m[OK] Subscriber startet (PID 16016)[0m

  You can now view your Streamlit app in your browser.

  Local URL: http://localhost:8501
  Network URL: http://192.168.110.128:8501

[32m[OK] Streamlit kører[0m
---------------------------------------
[32m✅ SYSTEMET ER KLART[0m
Mosquitto → 1883
Subscriber PID → 16016
Health PID → 16012
Streamlit → http://localhost:8501
---------------------------------------
[32m[OK] Healthcheck startet (PID 16202)[0m
/home/victor/tempprojekt/app.py:39: UserWarning: Could not infer format, so each element will be parsed individually, falling back to `dateutil`. To ensure parsing is consistent and as-expected, please specify a format.
  df["timestamp"] = pd.to_datetime(df["timestamp"])
  Stopping...
