Starttid: tir 11 nov 18:07:12 CET 2025
Logfil: /home/victor/tempprojekt/logs/start_2025-11-11_18-07-12.log
---------------------------------------
[32m[OK] Virtuelt miljø aktiveret[0m
[==========] Running 5 tests from 4 test suites.
[----------] Global test environment set-up.
[----------] 2 tests from MQTTTest
[ RUN      ] MQTTTest.ConnectToBroker
[       OK ] MQTTTest.ConnectToBroker (0 ms)
[ RUN      ] MQTTTest.PublishMessage
[       OK ] MQTTTest.PublishMessage (0 ms)
[----------] 2 tests from MQTTTest (0 ms total)

[----------] 1 test from MQTTLoopbackTest
[ RUN      ] MQTTLoopbackTest.PublishAndReceive
[       OK ] MQTTLoopbackTest.PublishAndReceive (2224 ms)
[----------] 1 test from MQTTLoopbackTest (2224 ms total)

[----------] 1 test from DatabaseTest
[ RUN      ] DatabaseTest.InsertAndRetrieveRecord
[       OK ] DatabaseTest.InsertAndRetrieveRecord (6 ms)
[----------] 1 test from DatabaseTest (6 ms total)

[----------] 1 test from SensorTest
[ RUN      ] SensorTest.ReadsValidRange
[       OK ] SensorTest.ReadsValidRange (0 ms)
[----------] 1 test from SensorTest (0 ms total)

[----------] Global test environment tear-down
[==========] 5 tests from 4 test suites ran. (2231 ms total)
[  PASSED  ] 5 tests.
[32m[OK] Alle C++ tests bestået[0m
time="2025-11-11T18:07:14+01:00" level=warning msg="/home/victor/tempprojekt/docker-compose.yml: the attribute `version` is obsolete, it will be ignored, please remove it to avoid potential confusion"
time="2025-11-11T18:07:14+01:00" level=warning msg="Found orphan containers ([mqtt]) for this project. If you removed or renamed this service in your compose file, you can run this command with the --remove-orphans flag to clean it up."
 Container questdb  Running
 Container fastapi-api  Running
 Container questdb  Waiting
 Container questdb  Healthy
[32m[OK] Docker-containere kører[0m
[32m[OK] Mosquitto kører via systemd[0m
[33m[INFO] Streamlit kører allerede[0m
---------------------------------------
[32m✅ SYSTEMET ER KLAR[0m
---------------------------------------
Tjenester:
 - FastAPI  →  http://localhost:8000/docs
 - QuestDB  →  http://localhost:9000
 - Streamlit → http://localhost:8501
 - MQTT broker → port 1883 (systemd)
---------------------------------------
Stop script:  ./stop_all.sh
Log gemt:     /home/victor/tempprojekt/logs/start_2025-11-11_18-07-12.log
=======================================
