✅ Alle tests bestået!
[1/6] Starter Docker-containere...
time="2025-11-11T17:40:47+01:00" level=warning msg="/home/victor/tempprojekt/docker-compose.yml: the attribute `version` is obsolete, it will be ignored, please remove it to avoid potential confusion"
time="2025-11-11T17:40:47+01:00" level=warning msg="Found orphan containers ([mqtt]) for this project. If you removed or renamed this service in your compose file, you can run this command with the --remove-orphans flag to clean it up."
 Container questdb  Running
 Container fastapi-api  Running
 Container questdb  Waiting
 Container questdb  Healthy
[OK] Docker-containere kører
[2/6] Aktiverer virtuelt miljø...
[OK] Virtuelt miljø aktiveret
[3/6] Starter backend...
INFO:     Started server process [45987]
INFO:     Waiting for application startup.
INFO:     Application startup complete.
ERROR:    [Errno 98] error while attempting to bind on address ('0.0.0.0', 8000): address already in use
INFO:     Waiting for application shutdown.
INFO:     Application shutdown complete.
Starting API server...
[4/6] Starter Streamlit dashboard...

  You can now view your Streamlit app in your browser.

  Local URL: http://localhost:8501
  Network URL: http://192.168.110.128:8501

[5/6] Starter eventuelle hjælpeprocesser...
[6/6] Starter watchdog for løbende testovervågning...
🔎 [/home/victor/tempprojekt/logs/watchdog_2025-11-11_17-40-52.log] Kører periodisk systemtest...
------------------------------------------
✅ Ventilationssystemet er startet og overvåges nu!
==========================================
  Stopping...
🔎 [/home/victor/tempprojekt/logs/watchdog_2025-11-11_17-50-53.log] Kører periodisk systemtest...
🔎 [/home/victor/tempprojekt/logs/watchdog_2025-11-11_18-00-55.log] Kører periodisk systemtest...
🔎 [/home/victor/tempprojekt/logs/watchdog_2025-11-11_18-10-58.log] Kører periodisk systemtest...
🔎 [/home/victor/tempprojekt/logs/watchdog_2025-11-11_18-21-00.log] Kører periodisk systemtest...
🔎 [/home/victor/tempprojekt/logs/watchdog_2025-11-11_18-31-02.log] Kører periodisk systemtest...
🔎 [/home/victor/tempprojekt/logs/watchdog_2025-11-11_18-41-05.log] Kører periodisk systemtest...
