Starttid: ons 26 nov 13:29:03 CET 2025
Logfil: /home/victor/tempprojekt/logs/start_2025-11-26_13-29-03.log
---------------------------------------
[32m[OK] venv aktiveret[0m
[32m[OK] Mosquitto kører[0m
[==========] Running 5 tests from 4 test suites.
[----------] Global test environment set-up.
[----------] 2 tests from MQTTTest
[ RUN      ] MQTTTest.ConnectToBroker
[       OK ] MQTTTest.ConnectToBroker (0 ms)
[ RUN      ] MQTTTest.PublishMessage
[       OK ] MQTTTest.PublishMessage (0 ms)
[----------] 2 tests from MQTTTest (0 ms total)

[----------] 1 test from MQTTLoopbackTest
[ RUN      ] MQTTLoopbackTest.PublishAndReceive
[       OK ] MQTTLoopbackTest.PublishAndReceive (2225 ms)
[----------] 1 test from MQTTLoopbackTest (2225 ms total)

[----------] 1 test from DatabaseTest
[ RUN      ] DatabaseTest.InsertAndRetrieveRecord
[       OK ] DatabaseTest.InsertAndRetrieveRecord (3 ms)
[----------] 1 test from DatabaseTest (3 ms total)

[----------] 1 test from SensorTest
[ RUN      ] SensorTest.ReadsValidRange
[       OK ] SensorTest.ReadsValidRange (0 ms)
[----------] 1 test from SensorTest (0 ms total)

[----------] Global test environment tear-down
[==========] 5 tests from 4 test suites ran. (2229 ms total)
[  PASSED  ] 5 tests.
time="2025-11-26T13:29:05+01:00" level=warning msg="networks.default: external.name is deprecated. Please set name and external: true"
 Container mosquitto  Running
 Container questdb  Running
 Container glances  Running
 Container fastapi-api  Running
 Container dashboard  Running
 Container subscriber  Running
 Container watchdog  Running
 Container questdb  Waiting
 Container questdb  Waiting
 Container mosquitto  Waiting
 Container questdb  Healthy
 Container questdb  Healthy
 Container mosquitto  Healthy
[32m[OK] Docker kører[0m
