Starttid: søn 16 nov 12:41:19 CET 2025
Logfil: /home/victor/tempprojekt/logs/start_2025-11-16_12-41-19.log
---------------------------------------
[32m[OK] Virtuelt miljø aktiveret[0m
[32m[OK] Mosquitto kører[0m
[==========] Running 5 tests from 4 test suites.
[----------] Global test environment set-up.
[----------] 2 tests from MQTTTest
[ RUN      ] MQTTTest.ConnectToBroker
[       OK ] MQTTTest.ConnectToBroker (0 ms)
[ RUN      ] MQTTTest.PublishMessage
[       OK ] MQTTTest.PublishMessage (0 ms)
[----------] 2 tests from MQTTTest (0 ms total)

[----------] 1 test from MQTTLoopbackTest
[ RUN      ] MQTTLoopbackTest.PublishAndReceive
[       OK ] MQTTLoopbackTest.PublishAndReceive (2334 ms)
[----------] 1 test from MQTTLoopbackTest (2334 ms total)

[----------] 1 test from DatabaseTest
[ RUN      ] DatabaseTest.InsertAndRetrieveRecord
[       OK ] DatabaseTest.InsertAndRetrieveRecord (15 ms)
[----------] 1 test from DatabaseTest (16 ms total)

[----------] 1 test from SensorTest
[ RUN      ] SensorTest.ReadsValidRange
[       OK ] SensorTest.ReadsValidRange (0 ms)
[----------] 1 test from SensorTest (0 ms total)

[----------] Global test environment tear-down
[==========] 5 tests from 4 test suites ran. (2350 ms total)
[  PASSED  ] 5 tests.
[32m[OK] Tests bestået[0m
time="2025-11-16T12:41:22+01:00" level=warning msg="/home/victor/tempprojekt/docker-compose.yml: the attribute `version` is obsolete, it will be ignored, please remove it to avoid potential confusion"
time="2025-11-16T12:41:22+01:00" level=warning msg="Found orphan containers ([mqtt]) for this project. If you removed or renamed this service in your compose file, you can run this command with the --remove-orphans flag to clean it up."
 Container questdb  Running
 Container fastapi-api  Running
 Container questdb  Waiting
 Container questdb  Healthy
[32m[OK] Docker kører[0m
[32m[OK] Subscriber startet (PID 31900)[0m
2025-11-16 12:41:24.844 Port 8501 is already in use
[32m[OK] Streamlit kører[0m
---------------------------------------
[32m✅ SYSTEMET ER KLART[0m
Mosquitto → 1883
Subscriber PID → 31900
Streamlit → http://localhost:8501
---------------------------------------
