Starttid: ons 26 nov 16:16:19 CET 2025
Logfil: /home/victor/tempprojekt/logs/start_2025-11-26_16-16-19.log
---------------------------------------
[32m[OK] venv aktiveret[0m
[32m[OK] Mosquitto kører[0m
[==========] Running 5 tests from 4 test suites.
[----------] Global test environment set-up.
[----------] 2 tests from MQTTTest
[ RUN      ] MQTTTest.ConnectToBroker
[       OK ] MQTTTest.ConnectToBroker (0 ms)
[ RUN      ] MQTTTest.PublishMessage
[       OK ] MQTTTest.PublishMessage (0 ms)
[----------] 2 tests from MQTTTest (0 ms total)

[----------] 1 test from MQTTLoopbackTest
[ RUN      ] MQTTLoopbackTest.PublishAndReceive
[       OK ] MQTTLoopbackTest.PublishAndReceive (2352 ms)
[----------] 1 test from MQTTLoopbackTest (2352 ms total)

[----------] 1 test from DatabaseTest
[ RUN      ] DatabaseTest.InsertAndRetrieveRecord
[       OK ] DatabaseTest.InsertAndRetrieveRecord (25 ms)
[----------] 1 test from DatabaseTest (25 ms total)

[----------] 1 test from SensorTest
[ RUN      ] SensorTest.ReadsValidRange
[       OK ] SensorTest.ReadsValidRange (0 ms)
[----------] 1 test from SensorTest (0 ms total)

[----------] Global test environment tear-down
[==========] 5 tests from 4 test suites ran. (2378 ms total)
[  PASSED  ] 5 tests.
time="2025-11-26T16:16:21+01:00" level=warning msg="/home/victor/tempprojekt/docker-compose.yml: the attribute `version` is obsolete, it will be ignored, please remove it to avoid potential confusion"
 Container questdb  Running
 Container mosquitto  Running
 Container subscriber  Running
 Container fastapi-api  Creating
 Container fastapi-api  Created
 Container dashboard  Creating
 Container dashboard  Created
 Container questdb  Waiting
 Container mosquitto  Waiting
 Container questdb  Waiting
 Container mosquitto  Healthy
 Container questdb  Healthy
 Container fastapi-api  Starting
 Container questdb  Healthy
 Container fastapi-api  Started
 Container dashboard  Starting
 Container dashboard  Started
[32m[OK] Docker kører[0m
